<?xml version="1.0" encoding="UTF-8"?>
<!-- Generated by org.testng.reporters.JUnitXMLReporter -->
<testsuite ignored="3" hostname="DESKTOP-3RNLVPJ" failures="0" tests="0" time="0.03" errors="0" timestamp="2024-11-28T18:00:13 IST">
  <testcase classname="Newng.GroupingDemo" name="m1" time="0.0">
    <ignored/>
  </testcase> <!-- m1 -->
  <testcase classname="Newng.GroupingDemo" name="m3" time="0.0">
    <ignored/>
  </testcase> <!-- m3 -->
  <testcase classname="Newng.GroupingDemo" name="m2" time="0.0">
    <ignored/>
  </testcase> <!-- m2 -->
</testsuite>
