<?xml version="1.0" encoding="UTF-8"?>
<testng-results ignored="0" total="1" passed="1" failed="0" skipped="0">
  <reporter-output>
  </reporter-output>
  <suite started-at="2024-12-04T17:03:37 IST" name="Default suite" finished-at="2024-12-04T17:04:02 IST" duration-ms="25190">
    <groups>
    </groups>
    <test started-at="2024-12-04T17:03:37 IST" name="Default test" finished-at="2024-12-04T17:04:02 IST" duration-ms="25190">
      <class name="Newng.UploadingFile">
        <test-method signature="fileHandeling()[pri:0, instance:Newng.UploadingFile@3c407114]" started-at="2024-12-04T17:03:37 IST" name="fileHandeling" finished-at="2024-12-04T17:04:02 IST" duration-ms="25140" status="PASS">
          <reporter-output>
          </reporter-output>
        </test-method> <!-- fileHandeling -->
      </class> <!-- Newng.UploadingFile -->
    </test> <!-- Default test -->
  </suite> <!-- Default suite -->
</testng-results>
